<?xml version="1.0" encoding="UTF-8" ?>
<testsuite errors="0" failures="0" hostname="Pepe-LAP" name="spai.egit2.test.AllEgit2Tests" tests="22" time="0.535" timestamp="2013-10-19T13:49:11">
  <properties>
[...]
</properties>
  <testcase classname="spai.egit2.test.ColeccionDecimalesTest" name="testSuma" time="0.01" />
  <testcase classname="spai.egit2.test.ColeccionDecimalesTest" name="testMayor" time="0.001" />
  <testcase classname="spai.egit2.test.ColeccionDecimalesTest" name="testPromedio" time="0.001" />
  <testcase classname="spai.egit2.test.NumeroEnteroTest" name="testNumValido" time="0.0" />
  <testcase classname="spai.egit2.test.NumeroEnteroTest" name="testDoblar" time="0.0" />
  <testcase classname="spai.egit2.test.NumeroEnteroTest" name="testConstructorSinParametros" time="0.0" />
  <testcase classname="spai.egit2.test.NumeroEnteroTest" name="testConstructorConParametros" time="0.0" />
  <testcase classname="spai.egit2.test.NumeroEnteroTest" name="testDecrementar" time="0.001" />
  <testcase classname="spai.egit2.test.NumeroEnteroTest" name="testIncrementar" time="0.0" />
  <testcase classname="spai.egit2.test.PersonaTest" name="testGetNombre" time="0.001" />
  <testcase classname="spai.egit2.test.PersonaTest" name="testSetNombre" time="0.0" />
  <testcase classname="spai.egit2.test.PersonaTest" name="testInicial" time="0.001" />
  <testcase classname="spai.egit2.test.PersonaTest" name="testGetApellido" time="0.001" />
  <testcase classname="spai.egit2.test.PersonaTest" name="testSetApellido" time="0.0" />
  <testcase classname="spai.egit2.test.PersonaTest" name="testNombreCompleto" time="0.0" />
  <testcase classname="spai.egit2.test.PersonaTest" name="testNombreMayusculas" time="0.001" />
  <testcase classname="spai.egit2.test.FraccionTest" name="testDecimal" time="0.0" />
  <testcase classname="spai.egit2.test.FraccionTest" name="testComparar" time="0.001" />
  <testcase classname="spai.egit2.test.FraccionTest" name="testConstructorSinParametros" time="0.001" />
  <testcase classname="spai.egit2.test.FraccionTest" name="testcontructorIntInt" time="0.0" />
  <testcase classname="spai.egit2.test.FraccionTest" name="testSetNumerador" time="0.0" />
  <testcase classname="spai.egit2.test.FraccionTest" name="testSetDenominador" time="0.0" />
  <system-out><![CDATA[]]></system-out>
  <system-err><![CDATA[]]></system-err>
</testsuite>
